# JRE version: Java(TM) SE Runtime Environment (8.0_73-b02) (build 1.8.0_73-b02)
# Java VM: Java HotSpot(TM) 64-Bit Server VM (25.73-b02 mixed mode windows-amd64 compressed oops)
Heap:
 PSYoungGen      total 37888K, used 5963K [0x00000000d6500000, 0x00000000d8f00000, 0x0000000100000000)
  eden space 32768K, 2% used [0x00000000d6500000,0x00000000d65d9878,0x00000000d8500000)
  from space 5120K, 99% used [0x00000000d8a00000,0x00000000d8ef9530,0x00000000d8f00000)
  to   space 5120K, 0% used [0x00000000d8500000,0x00000000d8500000,0x00000000d8a00000)
 ParOldGen       total 86016K, used 14199K [0x0000000082e00000, 0x0000000088200000, 0x00000000d6500000)
  object space 86016K, 16% used [0x0000000082e00000,0x0000000083bddfe8,0x0000000088200000)
 Metaspace       used 18426K, capacity 18684K, committed 19072K, reserved 1067008K
  class space    used 2255K, capacity 2346K, committed 2432K, reserved 1048576K
GC Heap History (4 events):
Event: 3.278 GC heap before
{Heap before GC invocations=1 (full 0):
 PSYoungGen      total 37888K, used 32547K [0x00000000d6500000, 0x00000000d8f00000, 0x0000000100000000)
  eden space 32768K, 99% used [0x00000000d6500000,0x00000000d84c8ea8,0x00000000d8500000)
  from space 5120K, 0% used [0x00000000d8a00000,0x00000000d8a00000,0x00000000d8f00000)
  to   space 5120K, 0% used [0x00000000d8500000,0x00000000d8500000,0x00000000d8a00000)
 ParOldGen       total 86016K, used 0K [0x0000000082e00000, 0x0000000088200000, 0x00000000d6500000)
  object space 86016K, 0% used [0x0000000082e00000,0x0000000082e00000,0x0000000088200000)
 Metaspace       used 17462K, capacity 17674K, committed 17920K, reserved 1064960K
  class space    used 2144K, capacity 2247K, committed 2304K, reserved 1048576K
Event: 3.290 GC heap after
Heap after GC invocations=1 (full 0):
 PSYoungGen      total 37888K, used 5111K [0x00000000d6500000, 0x00000000d8f00000, 0x0000000100000000)
  eden space 32768K, 0% used [0x00000000d6500000,0x00000000d6500000,0x00000000d8500000)
  from space 5120K, 99% used [0x00000000d8500000,0x00000000d89fdc50,0x00000000d8a00000)
  to   space 5120K, 0% used [0x00000000d8a00000,0x00000000d8a00000,0x00000000d8f00000)
 ParOldGen       total 86016K, used 5118K [0x0000000082e00000, 0x0000000088200000, 0x00000000d6500000)
  object space 86016K, 5% used [0x0000000082e00000,0x00000000832ffa08,0x0000000088200000)
 Metaspace       used 17462K, capacity 17674K, committed 17920K, reserved 1064960K
  class space    used 2144K, capacity 2247K, committed 2304K, reserved 1048576K
}
Event: 4.037 GC heap before
{Heap before GC invocations=2 (full 0):
 PSYoungGen      total 37888K, used 37736K [0x00000000d6500000, 0x00000000d8f00000, 0x0000000100000000)
  eden space 32768K, 99% used [0x00000000d6500000,0x00000000d84dc5a0,0x00000000d8500000)
  from space 5120K, 99% used [0x00000000d8500000,0x00000000d89fdc50,0x00000000d8a00000)
  to   space 5120K, 0% used [0x00000000d8a00000,0x00000000d8a00000,0x00000000d8f00000)
 ParOldGen       total 86016K, used 5118K [0x0000000082e00000, 0x0000000088200000, 0x00000000d6500000)
  object space 86016K, 5% used [0x0000000082e00000,0x00000000832ffa08,0x0000000088200000)
 Metaspace       used 18424K, capacity 18684K, committed 19072K, reserved 1067008K
  class space    used 2255K, capacity 2346K, committed 2432K, reserved 1048576K
Event: 4.045 GC heap after
Heap after GC invocations=2 (full 0):
 PSYoungGen      total 37888K, used 5093K [0x00000000d6500000, 0x00000000d8f00000, 0x0000000100000000)
  eden space 32768K, 0% used [0x00000000d6500000,0x00000000d6500000,0x00000000d8500000)
  from space 5120K, 99% used [0x00000000d8a00000,0x00000000d8ef9530,0x00000000d8f00000)
  to   space 5120K, 0% used [0x00000000d8500000,0x00000000d8500000,0x00000000d8a00000)
 ParOldGen       total 86016K, used 14199K [0x0000000082e00000, 0x0000000088200000, 0x00000000d6500000)
  object space 86016K, 16% used [0x0000000082e00000,0x0000000083bddfe8,0x0000000088200000)
 Metaspace       used 18424K, capacity 18684K, committed 19072K, reserved 1067008K
  class space    used 2255K, capacity 2346K, committed 2432K, reserved 1048576K
}

